<?xml version="1.0" encoding="UTF-8"?>
<testng-results ignored="0" total="1" passed="1" failed="0" skipped="0">
  <reporter-output>
  </reporter-output>
  <suite started-at="2022-09-20T12:25:57 IST" name="Default suite" finished-at="2022-09-20T12:26:10 IST" duration-ms="13403">
    <groups>
    </groups>
    <test started-at="2022-09-20T12:25:57 IST" name="Default test" finished-at="2022-09-20T12:26:10 IST" duration-ms="13403">
      <class name="flipkart.FlipcartRedMiTest">
        <test-method signature="flipcartReadMiTest()[pri:0, instance:flipkart.FlipcartRedMiTest@3e92efc3]" started-at="2022-09-20T12:25:57 IST" name="flipcartReadMiTest" finished-at="2022-09-20T12:26:10 IST" duration-ms="13376" status="PASS">
          <reporter-output>
          </reporter-output>
        </test-method> <!-- flipcartReadMiTest -->
      </class> <!-- flipkart.FlipcartRedMiTest -->
    </test> <!-- Default test -->
  </suite> <!-- Default suite -->
</testng-results>
